0 info it worked if it ends with ok
1 verbose cli [ '/usr/local/bin/node', '/usr/local/bin/npm', 'run', 'coverage' ]
2 info using npm@3.3.12
3 info using node@v5.5.0
4 verbose run-script [ 'precoverage', 'coverage', 'postcoverage' ]
5 info lifecycle lib-template@1.0.13~precoverage: lib-template@1.0.13
6 silly lifecycle lib-template@1.0.13~precoverage: no script for precoverage, continuing
7 info lifecycle lib-template@1.0.13~coverage: lib-template@1.0.13
8 verbose lifecycle lib-template@1.0.13~coverage: unsafe-perm in lifecycle true
9 verbose lifecycle lib-template@1.0.13~coverage: PATH: /usr/local/lib/node_modules/npm/bin/node-gyp-bin:/Users/chenyutian0510/Documents/dev-js/lib-template/node_modules/.bin:/Users/chenyutian0510/Documents/maven/bin:/usr/local/bin:/usr/bin:/bin:/usr/sbin:/sbin
10 verbose lifecycle lib-template@1.0.13~coverage: CWD: /Users/chenyutian0510/Documents/dev-js/lib-template
11 silly lifecycle lib-template@1.0.13~coverage: Args: [ '-c',
11 silly lifecycle   'nyc report --reporter=text-lcov | ./node_modules/.bin/coveralls' ]
12 silly lifecycle lib-template@1.0.13~coverage: Returned: code: 1  signal: null
13 info lifecycle lib-template@1.0.13~coverage: Failed to exec coverage script
14 verbose stack Error: lib-template@1.0.13 coverage: `nyc report --reporter=text-lcov | ./node_modules/.bin/coveralls`
14 verbose stack Exit status 1
14 verbose stack     at EventEmitter.<anonymous> (/usr/local/lib/node_modules/npm/lib/utils/lifecycle.js:232:16)
14 verbose stack     at emitTwo (events.js:100:13)
14 verbose stack     at EventEmitter.emit (events.js:185:7)
14 verbose stack     at ChildProcess.<anonymous> (/usr/local/lib/node_modules/npm/lib/utils/spawn.js:24:14)
14 verbose stack     at emitTwo (events.js:100:13)
14 verbose stack     at ChildProcess.emit (events.js:185:7)
14 verbose stack     at maybeClose (internal/child_process.js:821:16)
14 verbose stack     at Process.ChildProcess._handle.onexit (internal/child_process.js:211:5)
15 verbose pkgid lib-template@1.0.13
16 verbose cwd /Users/chenyutian0510/Documents/dev-js/lib-template
17 error Darwin 15.3.0
18 error argv "/usr/local/bin/node" "/usr/local/bin/npm" "run" "coverage"
19 error node v5.5.0
20 error npm  v3.3.12
21 error code ELIFECYCLE
22 error lib-template@1.0.13 coverage: `nyc report --reporter=text-lcov | ./node_modules/.bin/coveralls`
22 error Exit status 1
23 error Failed at the lib-template@1.0.13 coverage script 'nyc report --reporter=text-lcov | ./node_modules/.bin/coveralls'.
23 error Make sure you have the latest version of node.js and npm installed.
23 error If you do, this is most likely a problem with the lib-template package,
23 error not with npm itself.
23 error Tell the author that this fails on your system:
23 error     nyc report --reporter=text-lcov | ./node_modules/.bin/coveralls
23 error You can get their info via:
23 error     npm owner ls lib-template
23 error There is likely additional logging output above.
24 verbose exit [ 1, true ]
